Ansys Lumerical 2022 R1.4 FDTD Solver Version 8.27.3044 (Linux 64bit)
 expires (month/day/year): 5/2/2023
using config file: Ansys Licensing set with ANSYSLMD_LICENSE_FILE
license host: 1055@10.75.13.24
current time: qui out 27 14:21:11 2022
Running on host: fotonica01-System-Product-Name
host available memory (GB): 27.671663
All processes are communicating and ready to proceed to simulation...
Running fsp file: /opt/lumerical/v221/bin/fdtd-engine-mpich2nem -t 1 -remote -shared-solve-license QU5TWVNDTF9DT05URVhUX0RBVEE9PEFOU1lTQ0xfQ09OVEVYVF9EQVRBPjxJRD44MjllMjY3Yi1lM2YzLTRjYjYtODNiNy1hYTZkODBlY2YxNDE8L0lEPjxUWVBFPkFQUF9ERUZJTkVEPC9UWVBFPjxOQU1FPmx1bV9zdGFuZGFyZF9zb2x2ZV9zaGFyZTwvTkFNRT48SEFORExFUj41MjE0NUBmb3RvbmljYTAxLVN5c3RlbS1Qcm9kdWN0LU5hbWU8L0hBTkRMRVI+PC9BTlNZU0NMX0NPTlRFWFRfREFUQT4KQU5TWVNfQ09OVEVYVF9JRD04MjllMjY3Yi1lM2YzLTRjYjYtODNiNy1hYTZkODBlY2YxNDEKQU5TWVNfQ09OVEVYVF9TRVJWRVI9NTIxNDVAZm90b25pY2EwMS1TeXN0ZW0tUHJvZHVjdC1OYW1lCg== /home/moises/Documentos/GitHub/BragGrating/Documentation/bragg.fsp
Starting meshing
Simulation size in gridpoints: 1 x 28 x 43
Refined 0 mesh cells (0%)
Completed meshing!
Meshing complete in 0.003669 seconds of CPU time
Starting meshing
Simulation size in gridpoints: 1 x 28 x 43
Refined 0 mesh cells (0%)
Completed meshing!
Meshing complete in 0.002553 seconds of CPU time
Starting meshing
Simulation size in gridpoints: 1 x 28 x 43
Refined 0 mesh cells (0%)
Completed meshing!
Meshing complete in 0.002405 seconds of CPU time
Starting meshing
Simulation size in gridpoints: 1 x 28 x 43
Refined 0 mesh cells (0%)
Completed meshing!
Meshing complete in 0.002782 seconds of CPU time
Starting meshing
Simulation size in gridpoints: 1 x 28 x 43
Refined 0 mesh cells (0%)
Completed meshing!
Meshing complete in 0.002395 seconds of CPU time
Starting meshing
Simulation size in gridpoints: 1 x 28 x 43
Refined 0 mesh cells (0%)
Completed meshing!
Meshing complete in 0.002355 seconds of CPU time
left is a duplicate key.
bottom is a duplicate key.
z1 is a duplicate key.
z2 is a duplicate key.
Nx is a duplicate key.
Ny is a duplicate key.
Nz is a duplicate key.
number of processors is 6
processors are distributed as: 6x1x1
Running 3D Simulation
Starting meshing
Simulation size in gridpoints: 370 x 44 x 57
Refined 0 mesh cells (0%)
Completed meshing!
Meshing complete in 0.413644 seconds of CPU time
117424 117424
Starting meshing
Simulation size in gridpoints: 370 x 44 x 57
Refined 0 mesh cells (0%)
Completed meshing!
Meshing complete in 0.398103 seconds of CPU time
116944 116944
Starting meshing
Simulation size in gridpoints: 370 x 44 x 57
Refined 0 mesh cells (0%)
Completed meshing!
Meshing complete in 0.394441 seconds of CPU time
60816 60816
finished material properties
Meshing Time: 0.835038 seconds, Init Electrical Material Time: 0.148353 seconds, Init Magnetic Material Time: 0.002017
Using selected optimization level: 2
Selecting 3d kernel for splitFieldDirection=0 and optLevel=2
-----------------------------------------
Beginning initialization of 3D Simulation
Starting to add sources to simulation
Adding 3D Mode source propagating in X
Using frequency dependent profile
Starting to add boundary conditions to simulation
Adding 3D PML BC
Adding 3D Parallel BC
Adding 3D Anti-Symmetric BC
Adding 3D PML BC
Adding 3D PML BC
Adding 3D PML BC
Starting to add monitors to Simulation
Adding analysis monitor
Adding 3D DFT monitor
Adding 3D DFT monitor
Finished initialization of 3D Simulation
-----------------------------------------
All processes are communicating and ready to proceed to simulation...
Starting 438186 total iterations
0.0109542% complete. Max time remaining: 3 hrs, 56 mins, 32 secs. Auto Shutoff: 1
1.01144% complete. Max time remaining: 4 hrs, 1 min, 20 secs. Auto Shutoff: 0.842554
2.01193% complete. Max time remaining: 3 hrs, 54 mins, 52 secs. Auto Shutoff: 0.822915
3.01242% complete. Max time remaining: 3 hrs, 51 mins, 43 secs. Auto Shutoff: 0.80991
4.0129% complete. Max time remaining: 3 hrs, 48 mins, 55 secs. Auto Shutoff: 0.745676
5.01339% complete. Max time remaining: 3 hrs, 46 mins, 6 secs. Auto Shutoff: 0.0936384
6.01388% complete. Max time remaining: 3 hrs, 43 mins, 25 secs. Auto Shutoff: 0.0354211
7.01437% complete. Max time remaining: 3 hrs, 40 mins, 48 secs. Auto Shutoff: 0.0258594
8.01485% complete. Max time remaining: 3 hrs, 38 mins, 13 secs. Auto Shutoff: 0.0225627
9.01534% complete. Max time remaining: 3 hrs, 35 mins, 38 secs. Auto Shutoff: 0.01425
10.0158% complete. Max time remaining: 3 hrs, 33 mins, 7 secs. Auto Shutoff: 0.0140999
11.0163% complete. Max time remaining: 3 hrs, 30 mins, 32 secs. Auto Shutoff: 0.00952274
12.0168% complete. Max time remaining: 3 hrs, 28 mins, 5 secs. Auto Shutoff: 0.00832689
13.0173% complete. Max time remaining: 3 hrs, 25 mins, 39 secs. Auto Shutoff: 0.00741494
14.0178% complete. Max time remaining: 3 hrs, 23 mins, 14 secs. Auto Shutoff: 0.0069272
15.0183% complete. Max time remaining: 3 hrs, 20 mins, 49 secs. Auto Shutoff: 0.00463052
16.0188% complete. Max time remaining: 3 hrs, 18 mins, 24 secs. Auto Shutoff: 0.00503642
17.0192% complete. Max time remaining: 3 hrs, 16 mins, 1 secs. Auto Shutoff: 0.00365036
18.0197% complete. Max time remaining: 3 hrs, 13 mins, 38 secs. Auto Shutoff: 0.00363686
19.0202% complete. Max time remaining: 3 hrs, 11 mins, 12 secs. Auto Shutoff: 0.00280551
20.0207% complete. Max time remaining: 3 hrs, 8 mins, 48 secs. Auto Shutoff: 0.00359798
21.0212% complete. Max time remaining: 3 hrs, 6 mins, 24 secs. Auto Shutoff: 0.00366795
22.0217% complete. Max time remaining: 3 hrs, 3 mins, 60 secs. Auto Shutoff: 0.00270523
23.0222% complete. Max time remaining: 3 hrs, 1 min, 37 secs. Auto Shutoff: 0.00256589
24.0227% complete. Max time remaining: 2 hrs, 59 mins, 17 secs. Auto Shutoff: 0.00301237
25.0231% complete. Max time remaining: 2 hrs, 56 mins, 57 secs. Auto Shutoff: 0.00170087
26.0236% complete. Max time remaining: 2 hrs, 54 mins, 37 secs. Auto Shutoff: 0.00238461
27.0241% complete. Max time remaining: 2 hrs, 52 mins, 17 secs. Auto Shutoff: 0.00231836
28.0246% complete. Max time remaining: 2 hrs, 49 mins, 56 secs. Auto Shutoff: 0.00138098
29.0251% complete. Max time remaining: 2 hrs, 47 mins, 34 secs. Auto Shutoff: 0.0012972
30.0256% complete. Max time remaining: 2 hrs, 45 mins, 11 secs. Auto Shutoff: 0.00172211
31.0261% complete. Max time remaining: 2 hrs, 42 mins, 47 secs. Auto Shutoff: 0.00123368
32.0265% complete. Max time remaining: 2 hrs, 40 mins, 24 secs. Auto Shutoff: 0.0016702
33.027% complete. Max time remaining: 2 hrs, 38 mins, 1 secs. Auto Shutoff: 0.00120204
34.0275% complete. Max time remaining: 2 hrs, 35 mins, 38 secs. Auto Shutoff: 0.00136695
35.028% complete. Max time remaining: 2 hrs, 33 mins, 16 secs. Auto Shutoff: 0.00124434
36.0285% complete. Max time remaining: 2 hrs, 30 mins, 54 secs. Auto Shutoff: 0.000851582
37.029% complete. Max time remaining: 2 hrs, 28 mins, 32 secs. Auto Shutoff: 0.000894145
38.0295% complete. Max time remaining: 2 hrs, 26 mins, 9 secs. Auto Shutoff: 0.000695683
39.03% complete. Max time remaining: 2 hrs, 23 mins, 46 secs. Auto Shutoff: 0.000668245
40.0304% complete. Max time remaining: 2 hrs, 21 mins, 24 secs. Auto Shutoff: 0.000840118
41.0309% complete. Max time remaining: 2 hrs, 19 mins, 3 secs. Auto Shutoff: 0.000660309
42.0314% complete. Max time remaining: 2 hrs, 16 mins, 41 secs. Auto Shutoff: 0.00074203
43.0319% complete. Max time remaining: 2 hrs, 14 mins, 20 secs. Auto Shutoff: 0.000925597
44.0324% complete. Max time remaining: 2 hrs, 11 mins, 58 secs. Auto Shutoff: 0.000664288
45.0329% complete. Max time remaining: 2 hrs, 9 mins, 37 secs. Auto Shutoff: 0.000566277
46.0334% complete. Max time remaining: 2 hrs, 7 mins, 15 secs. Auto Shutoff: 0.000654967
47.0339% complete. Max time remaining: 2 hrs, 4 mins, 53 secs. Auto Shutoff: 0.000423855
48.0343% complete. Max time remaining: 2 hrs, 2 mins, 31 secs. Auto Shutoff: 0.000439092
49.0348% complete. Max time remaining: 2 hrs, 9 secs. Auto Shutoff: 0.000453108
50.0353% complete. Max time remaining: 1 hr, 57 mins, 47 secs. Auto Shutoff: 0.000362538
51.0358% complete. Max time remaining: 1 hr, 55 mins, 26 secs. Auto Shutoff: 0.000404059
52.0363% complete. Max time remaining: 1 hr, 53 mins, 3 secs. Auto Shutoff: 0.000468869
53.0368% complete. Max time remaining: 1 hr, 50 mins, 41 secs. Auto Shutoff: 0.000308582
54.0373% complete. Max time remaining: 1 hr, 48 mins, 18 secs. Auto Shutoff: 0.000379609
55.0378% complete. Max time remaining: 1 hr, 45 mins, 56 secs. Auto Shutoff: 0.000283251
56.0382% complete. Max time remaining: 1 hr, 43 mins, 33 secs. Auto Shutoff: 0.00033711
57.0387% complete. Max time remaining: 1 hr, 41 mins, 11 secs. Auto Shutoff: 0.000251381
58.0392% complete. Max time remaining: 1 hr, 38 mins, 49 secs. Auto Shutoff: 0.000226
59.0397% complete. Max time remaining: 1 hr, 36 mins, 27 secs. Auto Shutoff: 0.00024614
60.0402% complete. Max time remaining: 1 hr, 34 mins, 5 secs. Auto Shutoff: 0.000260657
61.0407% complete. Max time remaining: 1 hr, 31 mins, 43 secs. Auto Shutoff: 0.000197197
62.0412% complete. Max time remaining: 1 hr, 29 mins, 22 secs. Auto Shutoff: 0.00024435
63.0417% complete. Max time remaining: 1 hr, 27 mins, 0 secs. Auto Shutoff: 0.000199752
64.0421% complete. Max time remaining: 1 hr, 24 mins, 39 secs. Auto Shutoff: 0.000185902
65.0426% complete. Max time remaining: 1 hr, 22 mins, 17 secs. Auto Shutoff: 0.000239784
66.0431% complete. Max time remaining: 1 hr, 19 mins, 56 secs. Auto Shutoff: 0.000190837
67.0436% complete. Max time remaining: 1 hr, 17 mins, 35 secs. Auto Shutoff: 0.000139691
68.0441% complete. Max time remaining: 1 hr, 15 mins, 13 secs. Auto Shutoff: 0.00015277
69.0446% complete. Max time remaining: 1 hr, 12 mins, 52 secs. Auto Shutoff: 0.000145153
70.0451% complete. Max time remaining: 1 hr, 10 mins, 30 secs. Auto Shutoff: 0.000111839
71.0456% complete. Max time remaining: 1 hr, 8 mins, 9 secs. Auto Shutoff: 0.000114404
72.046% complete. Max time remaining: 1 hr, 5 mins, 48 secs. Auto Shutoff: 0.000103132
73.0465% complete. Max time remaining: 1 hr, 3 mins, 27 secs. Auto Shutoff: 0.000145016
74.047% complete. Max time remaining: 1 hr, 1 min, 5 secs. Auto Shutoff: 0.00012413
75.0475% complete. Max time remaining: 58 mins, 44 secs. Auto Shutoff: 0.000101055
76.048% complete. Max time remaining: 56 mins, 23 secs. Auto Shutoff: 0.000120187
77.0485% complete. Max time remaining: 54 mins, 2 secs. Auto Shutoff: 9.80215e-05
78.049% complete. Max time remaining: 51 mins, 41 secs. Auto Shutoff: 9.55323e-05
79.0495% complete. Max time remaining: 49 mins, 19 secs. Auto Shutoff: 7.99097e-05
80.0499% complete. Max time remaining: 46 mins, 58 secs. Auto Shutoff: 7.48513e-05
81.0504% complete. Max time remaining: 44 mins, 37 secs. Auto Shutoff: 7.83211e-05
82.0509% complete. Max time remaining: 42 mins, 15 secs. Auto Shutoff: 9.37925e-05
83.0514% complete. Max time remaining: 39 mins, 54 secs. Auto Shutoff: 7.61968e-05
84.0519% complete. Max time remaining: 37 mins, 33 secs. Auto Shutoff: 9.84184e-05
85.0524% complete. Max time remaining: 35 mins, 12 secs. Auto Shutoff: 8.62558e-05
86.0529% complete. Max time remaining: 32 mins, 50 secs. Auto Shutoff: 6.35923e-05
87.0534% complete. Max time remaining: 30 mins, 29 secs. Auto Shutoff: 6.74341e-05
88.0538% complete. Max time remaining: 28 mins, 7 secs. Auto Shutoff: 6.73441e-05
89.0543% complete. Max time remaining: 25 mins, 46 secs. Auto Shutoff: 7.87246e-05
90.0548% complete. Max time remaining: 23 mins, 25 secs. Auto Shutoff: 8.49619e-05
91.0553% complete. Max time remaining: 21 mins, 4 secs. Auto Shutoff: 7.94098e-05
92.0558% complete. Max time remaining: 18 mins, 42 secs. Auto Shutoff: 7.84349e-05
93.0563% complete. Max time remaining: 16 mins, 21 secs. Auto Shutoff: 7.65044e-05
94.0568% complete. Max time remaining: 13 mins, 60 secs. Auto Shutoff: 8.74775e-05
95.0573% complete. Max time remaining: 11 mins, 38 secs. Auto Shutoff: 7.80899e-05
96.0577% complete. Max time remaining: 9 mins, 17 secs. Auto Shutoff: 7.90445e-05
97.0582% complete. Max time remaining: 6 mins, 56 secs. Auto Shutoff: 8.47367e-05
98.0587% complete. Max time remaining: 4 mins, 34 secs. Auto Shutoff: 9.39566e-05
99.0592% complete. Max time remaining: 2 mins, 13 secs. Auto Shutoff: 8.75543e-05
Completed 438186 iterations, or 1.999998e-11s of Simulation Time
Process 0 starting to collect data
    collecting monitor data
    collecting source data
Using frequency dependent profile
Finished collecting data
left is a duplicate key.
bottom is a duplicate key.
z1 is a duplicate key.
z2 is a duplicate key.
Nx is a duplicate key.
Ny is a duplicate key.
Nz is a duplicate key.
Simulation completed successfully at: qui out 27 18:16:54 2022
Overall wall time measurements in seconds: 14143.1
    time to mesh and initialize: 4.40434
    time to run FDTD simulation: 14126.9
    time to checkpoint simulation: 1e-06
    time to finalize data and save to files: 10.9426
    miscellaneous time: 0.886169
    FDTD solver speed on process 0: 28.7834 Mnodes/s
    total FDTD solver speed on 6 processes: 172.7 Mnodes/s
