Ansys Lumerical 2022 R1.4 Eigenmode Expansion Solver Version 7.19.3044 (Linux 64bit)
 expires (month/day/year): 5/2/2023
using config file: Ansys Licensing set with ANSYSLMD_LICENSE_FILE
license host: 1055@10.75.13.24
current time: ter out 25 12:01:08 2022
Running on host: fotonica01-System-Product-Name
Running lms file: /opt/lumerical/v221/bin/eme-engine -t 6 -remote -shared-solve-license QU5TWVNDTF9DT05URVhUX0RBVEE9PEFOU1lTQ0xfQ09OVEVYVF9EQVRBPjxJRD41YTEzNjc0OC03MmJmLTQ1MjItYWIwNy1mY2JiN2ZhODU4NzI8L0lEPjxUWVBFPkFQUF9ERUZJTkVEPC9UWVBFPjxOQU1FPmx1bV9zdGFuZGFyZF9zb2x2ZV9zaGFyZTwvTkFNRT48SEFORExFUj4zNTQ0OUBmb3RvbmljYTAxLVN5c3RlbS1Qcm9kdWN0LU5hbWU8L0hBTkRMRVI+PC9BTlNZU0NMX0NPTlRFWFRfREFUQT4KQU5TWVNfQ09OVEVYVF9JRD01YTEzNjc0OC03MmJmLTQ1MjItYWIwNy1mY2JiN2ZhODU4NzIKQU5TWVNfQ09OVEVYVF9TRVJWRVI9MzU0NDlAZm90b25pY2EwMS1TeXN0ZW0tUHJvZHVjdC1OYW1lCg== /home/moises/Documentos/GitHub/BragGrating/Documentation/Bragg.lms
Running MODE Simulation
Starting meshing
Simulation size in gridpoints: 1 x 320 x 308
Refined 0 mesh cells (0%)
Completed meshing!
Meshing complete in 0.021266 seconds of CPU time
Starting meshing
Simulation size in gridpoints: 1 x 320 x 308
Refined 0 mesh cells (0%)
Completed meshing!
Meshing complete in 0.017493 seconds of CPU time
Starting meshing
Simulation size in gridpoints: 1 x 320 x 308
Refined 0 mesh cells (0%)
Completed meshing!
Meshing complete in 0.016167 seconds of CPU time
Starting meshing
Simulation size in gridpoints: 1 x 320 x 308
Refined 0 mesh cells (0%)
Completed meshing!
Meshing complete in 0.033853 seconds of CPU time
Starting meshing
Simulation size in gridpoints: 1 x 320 x 308
Refined 0 mesh cells (0%)
Completed meshing!
Meshing complete in 0.034356 seconds of CPU time
Starting meshing
Simulation size in gridpoints: 1 x 320 x 308
Refined 0 mesh cells (0%)
Completed meshing!
Meshing complete in 0.031966 seconds of CPU time
Starting meshing
Simulation size in gridpoints: 1 x 320 x 308
Refined 0 mesh cells (0%)
Completed meshing!
Meshing complete in 0.045003 seconds of CPU time
Starting meshing
Simulation size in gridpoints: 1 x 320 x 308
Refined 0 mesh cells (0%)
Completed meshing!
Meshing complete in 0.033107 seconds of CPU time
Starting meshing
Simulation size in gridpoints: 1 x 320 x 308
Refined 0 mesh cells (0%)
Completed meshing!
Meshing complete in 0.033295 seconds of CPU time
Starting meshing
Simulation size in gridpoints: 1 x 320 x 308
Refined 0 mesh cells (0%)
Completed meshing!
Meshing complete in 0.034706 seconds of CPU time
Starting meshing
Simulation size in gridpoints: 1 x 320 x 308
Refined 0 mesh cells (0%)
Completed meshing!
Meshing complete in 0.032478 seconds of CPU time
Starting meshing
Simulation size in gridpoints: 1 x 320 x 308
Refined 0 mesh cells (0%)
Completed meshing!
Meshing complete in 0.032019 seconds of CPU time
Starting meshing
Simulation size in gridpoints: 1 x 320 x 308
Refined 0 mesh cells (0%)
Completed meshing!
Meshing complete in 0.032615 seconds of CPU time
Starting meshing
Simulation size in gridpoints: 1 x 320 x 308
Refined 0 mesh cells (0%)
Completed meshing!
Meshing complete in 0.033282 seconds of CPU time
Starting meshing
Simulation size in gridpoints: 1 x 320 x 308
Refined 0 mesh cells (0%)
Completed meshing!
Meshing complete in 0.032655 seconds of CPU time
Starting meshing
Simulation size in gridpoints: 1 x 320 x 308
Refined 0 mesh cells (0%)
Completed meshing!
Meshing complete in 0.032788 seconds of CPU time
Starting meshing
Simulation size in gridpoints: 1 x 320 x 308
Refined 0 mesh cells (0%)
Completed meshing!
Meshing complete in 0.034259 seconds of CPU time
Starting meshing
Simulation size in gridpoints: 1 x 320 x 308
Refined 0 mesh cells (0%)
Completed meshing!
Meshing complete in 0.035605 seconds of CPU time
Starting meshing
Simulation size in gridpoints: 1 x 320 x 308
Refined 0 mesh cells (0%)
Completed meshing!
Meshing complete in 0.033474 seconds of CPU time
Starting meshing
Simulation size in gridpoints: 1 x 320 x 308
Refined 0 mesh cells (0%)
Completed meshing!
Meshing complete in 0.03253 seconds of CPU time
Starting meshing
Simulation size in gridpoints: 1 x 320 x 308
Refined 0 mesh cells (0%)
Completed meshing!
Meshing complete in 0.032476 seconds of CPU time
Starting meshing
Simulation size in gridpoints: 1 x 320 x 308
Refined 0 mesh cells (0%)
Completed meshing!
Meshing complete in 0.033624 seconds of CPU time
Starting meshing
Simulation size in gridpoints: 1 x 320 x 308
Refined 0 mesh cells (0%)
Completed meshing!
Meshing complete in 0.031865 seconds of CPU time
Starting meshing
Simulation size in gridpoints: 1 x 320 x 308
Refined 0 mesh cells (0%)
Completed meshing!
Meshing complete in 0.033011 seconds of CPU time
Time to calculate modes :  44.1017
Time to normalize fields and orthogonalize degenerate modes :  1.4884
Starting meshing
Simulation size in gridpoints: 1 x 320 x 308
Refined 0 mesh cells (0%)
Completed meshing!
Meshing complete in 0.016894 seconds of CPU time
Starting meshing
Simulation size in gridpoints: 1 x 320 x 308
Refined 0 mesh cells (0%)
Completed meshing!
Meshing complete in 0.017746 seconds of CPU time
Starting meshing
Simulation size in gridpoints: 1 x 320 x 308
Refined 0 mesh cells (0%)
Completed meshing!
Meshing complete in 0.014166 seconds of CPU time
Starting meshing
Simulation size in gridpoints: 1 x 320 x 308
Refined 0 mesh cells (0%)
Completed meshing!
Meshing complete in 0.014298 seconds of CPU time
Starting meshing
Simulation size in gridpoints: 1 x 320 x 308
Refined 0 mesh cells (0%)
Completed meshing!
Meshing complete in 0.013443 seconds of CPU time
Starting meshing
Simulation size in gridpoints: 1 x 320 x 308
Refined 0 mesh cells (0%)
Completed meshing!
Meshing complete in 0.01352 seconds of CPU time
Time to calculate overlaps : 38.4559
Overall wall time measurements in seconds : 84.0465
Simulation completed successfully at: ter out 25 12:02:37 2022
Overall EME run time, measurements in seconds: 89.3397
Total number of processes used by EME simulation : 1
